<?xml version="1.0" encoding="UTF-8"?>
<!-- Generated by org.testng.reporters.JUnitXMLReporter -->
<testsuite ignored="0" hostname="DESKTOP-TQTAUTU" failures="0" tests="8" name="Command line test" time="93.872" errors="0" timestamp="2022-05-25T21:31:20 CEST">
  <testcase classname="com.ecommerce.qa.tests.HomePageTests" name="shouldAddProductToCart" time="2.892"/>
  <testcase classname="com.ecommerce.qa.tests.HomePageTests" name="shouldDisplayHomeContentImages" time="0.164"/>
  <testcase classname="com.ecommerce.qa.tests.HomePageTests" name="shouldDisplayHomePageLogo" time="0.038"/>
  <testcase classname="com.ecommerce.qa.tests.HomePageTests" name="shouldRedirectToProductPage" time="7.206"/>
  <testcase classname="com.ecommerce.qa.tests.HomePageTests" name="shouldReturnActualPageTitle" time="0.011"/>
  <testcase classname="com.ecommerce.qa.tests.HomePageTests" name="shouldReturnCorrectNewsletterAlertMessage" time="5.675"/>
  <testcase classname="com.ecommerce.qa.tests.HomePageTests" name="shouldReturnCorrectNewsletterAlertMessage" time="3.37"/>
  <testcase classname="com.ecommerce.qa.tests.HomePageTests" name="shouldReturnCorrectNewsletterAlertMessage" time="3.605"/>
</testsuite> <!-- Command line test -->
