<?xml version="1.0" encoding="UTF-8" ?>
<testsuite tests="34" failures="5" name="TestSuite" time="285.375" errors="0" skipped="0">
  <properties>
[...]
</properties>
  <testcase classname="com.ecommerce.qa.tests.CartPageTests" name="shouldDecreaseProductQuantityInTheCart" time="10.49"/>
  <testcase classname="com.ecommerce.qa.tests.CartPageTests" name="shouldDeleteProductFromTheCart" time="10.9"/>
  <testcase classname="com.ecommerce.qa.tests.CartPageTests" name="shouldIncreaseProductQuantityInTheCart" time="9.145"/>
  <testcase classname="com.ecommerce.qa.tests.CartPageTests" name="shouldRedirectLoggedInUserToAddressPage" time="15.626"/>
  <testcase classname="com.ecommerce.qa.tests.CartPageTests" name="shouldRedirectNotLoggedInUserToLoginPage" time="9.207"/>
  <testcase classname="com.ecommerce.qa.tests.CartPageTests" name="shouldShowAlertForEmptyCart" time="4.995"/>
  <testcase classname="com.ecommerce.qa.tests.LoginPageTests" name="shouldFailLoggingIntoAccount" time="12.7"/>
  <testcase classname="com.ecommerce.qa.tests.LoginPageTests" name="shouldFailLoggingIntoAccount" time="8.531"/>
  <testcase classname="com.ecommerce.qa.tests.LoginPageTests" name="shouldFailLoggingIntoAccount" time="8.041"/>
  <testcase classname="com.ecommerce.qa.tests.LoginPageTests" name="shouldLoginIntoAccount" time="7.174"/>
  <testcase classname="com.ecommerce.qa.tests.LoginPageTests" name="shouldRedirectToForgotPasswordPage" time="6.823"/>
  <testcase classname="com.ecommerce.qa.tests.ContactPageTests" name="shouldChangeSubjectDescription" time="6.901"/>
  <testcase classname="com.ecommerce.qa.tests.ContactPageTests" name="shouldChangeSubjectDescription" time="5.902"/>
  <testcase classname="com.ecommerce.qa.tests.ContactPageTests" name="shouldFailToSubmitContactForm" time="6.251">
    <failure message="invalid argument: File not found : D:java automationseleniumprojectsecommercesrcmainjavacomecommerceqa&amp;#12;ilescontactFormSendFile.txt
  (Session info: chrome=102.0.5005.115)
Build info: version: &apos;4.2.1&apos;, revision: &apos;ac4d0fdd4a&apos;
System info: host: &apos;DESKTOP-TQTAUTU&apos;, ip: &apos;192.168.8.104&apos;, os.name: &apos;Windows 10&apos;, os.arch: &apos;amd64&apos;, os.version: &apos;10.0&apos;, java.version: &apos;17.0.2&apos;
Driver info: org.openqa.selenium.remote.RemoteWebDriver
Command: [2fddbb0b83c16231f26d0c4446316124, sendKeysToElement {id=ee305c2a-f585-4871-9af4-83e659c00233, value=[Ljava.lang.CharSequence;@757f47f0}]
Capabilities {acceptInsecureCerts: false, browserName: chrome, browserVersion: 102.0.5005.115, chrome: {chromedriverVersion: 102.0.5005.61 (0e59bcc00cc4..., userDataDir: C:\Users\maxim\AppData\Loca...}, goog:chromeOptions: {debuggerAddress: localhost:61036}, networkConnectionEnabled: false, pageLoadStrategy: normal, platformName: WINDOWS, proxy: Proxy(), se:cdp: ws://192.168.8.104:4444/ses..., se:cdpVersion: 102.0.5005.115, setWindowRect: true, strictFileInteractability: false, timeouts: {implicit: 0, pageLoad: 300000, script: 30000}, unhandledPromptBehavior: dismiss and notify, webauthn:extension:credBlob: true, webauthn:extension:largeBlob: true, webauthn:virtualAuthenticators: true}
Element: [[RemoteWebDriver: chrome on WINDOWS (2fddbb0b83c16231f26d0c4446316124)] -&gt; id: fileUpload]
Session ID: 2fddbb0b83c16231f26d0c4446316124" type="org.openqa.selenium.InvalidArgumentException">org.openqa.selenium.InvalidArgumentException: invalid argument: File not found : D:java automationseleniumprojectsecommercesrcmainjavacomecommerceqa&amp;#12;ilescontactFormSendFile.txt
  (Session info: chrome=102.0.5005.115)
Build info: version: &apos;4.2.1&apos;, revision: &apos;ac4d0fdd4a&apos;
System info: host: &apos;DESKTOP-TQTAUTU&apos;, ip: &apos;192.168.8.104&apos;, os.name: &apos;Windows 10&apos;, os.arch: &apos;amd64&apos;, os.version: &apos;10.0&apos;, java.version: &apos;17.0.2&apos;
Driver info: org.openqa.selenium.remote.RemoteWebDriver
Command: [2fddbb0b83c16231f26d0c4446316124, sendKeysToElement {id=ee305c2a-f585-4871-9af4-83e659c00233, value=[Ljava.lang.CharSequence;@757f47f0}]
Capabilities {acceptInsecureCerts: false, browserName: chrome, browserVersion: 102.0.5005.115, chrome: {chromedriverVersion: 102.0.5005.61 (0e59bcc00cc4..., userDataDir: C:\Users\maxim\AppData\Loca...}, goog:chromeOptions: {debuggerAddress: localhost:61036}, networkConnectionEnabled: false, pageLoadStrategy: normal, platformName: WINDOWS, proxy: Proxy(), se:cdp: ws://192.168.8.104:4444/ses..., se:cdpVersion: 102.0.5005.115, setWindowRect: true, strictFileInteractability: false, timeouts: {implicit: 0, pageLoad: 300000, script: 30000}, unhandledPromptBehavior: dismiss and notify, webauthn:extension:credBlob: true, webauthn:extension:largeBlob: true, webauthn:virtualAuthenticators: true}
Element: [[RemoteWebDriver: chrome on WINDOWS (2fddbb0b83c16231f26d0c4446316124)] -&gt; id: fileUpload]
Session ID: 2fddbb0b83c16231f26d0c4446316124
	at java.base/jdk.internal.reflect.NativeConstructorAccessorImpl.newInstance0(Native Method)
	at java.base/jdk.internal.reflect.NativeConstructorAccessorImpl.newInstance(NativeConstructorAccessorImpl.java:77)
	at java.base/jdk.internal.reflect.DelegatingConstructorAccessorImpl.newInstance(DelegatingConstructorAccessorImpl.java:45)
	at java.base/java.lang.reflect.Constructor.newInstanceWithCaller(Constructor.java:499)
	at java.base/java.lang.reflect.Constructor.newInstance(Constructor.java:480)
	at org.openqa.selenium.remote.codec.w3c.W3CHttpResponseCodec.createException(W3CHttpResponseCodec.java:200)
	at org.openqa.selenium.remote.codec.w3c.W3CHttpResponseCodec.decode(W3CHttpResponseCodec.java:133)
	at org.openqa.selenium.remote.codec.w3c.W3CHttpResponseCodec.decode(W3CHttpResponseCodec.java:53)
	at org.openqa.selenium.remote.HttpCommandExecutor.execute(HttpCommandExecutor.java:184)
	at org.openqa.selenium.remote.TracedCommandExecutor.execute(TracedCommandExecutor.java:51)
	at org.openqa.selenium.remote.RemoteWebDriver.execute(RemoteWebDriver.java:551)
	at org.openqa.selenium.remote.RemoteWebElement.execute(RemoteWebElement.java:257)
	at org.openqa.selenium.remote.RemoteWebElement.sendKeys(RemoteWebElement.java:113)
	at java.base/jdk.internal.reflect.NativeMethodAccessorImpl.invoke0(Native Method)
	at java.base/jdk.internal.reflect.NativeMethodAccessorImpl.invoke(NativeMethodAccessorImpl.java:77)
	at java.base/jdk.internal.reflect.DelegatingMethodAccessorImpl.invoke(DelegatingMethodAccessorImpl.java:43)
	at java.base/java.lang.reflect.Method.invoke(Method.java:568)
	at org.openqa.selenium.support.pagefactory.internal.LocatingElementHandler.invoke(LocatingElementHandler.java:52)
	at jdk.proxy2/jdk.proxy2.$Proxy30.sendKeys(Unknown Source)
	at com.ecommerce.qa.pageobjects.ContactPage.sendMessage(ContactPage.java:65)
	at com.ecommerce.qa.tests.ContactPageTests.shouldFailToSubmitContactForm(ContactPageTests.java:37)
</failure>
    <system-err>Jun 18, 2022 12:55:04 PM org.openqa.selenium.remote.ProtocolHandshake createSession
INFO: Detected upstream dialect: W3C
</system-err>
  </testcase>
  <testcase classname="com.ecommerce.qa.tests.ContactPageTests" name="shouldFailToSubmitContactForm" time="5.418">
    <failure message="invalid argument: File not found : D:java automationseleniumprojectsecommercesrcmainjavacomecommerceqa&amp;#12;ilescontactFormSendFile.txt
  (Session info: chrome=102.0.5005.115)
Build info: version: &apos;4.2.1&apos;, revision: &apos;ac4d0fdd4a&apos;
System info: host: &apos;DESKTOP-TQTAUTU&apos;, ip: &apos;192.168.8.104&apos;, os.name: &apos;Windows 10&apos;, os.arch: &apos;amd64&apos;, os.version: &apos;10.0&apos;, java.version: &apos;17.0.2&apos;
Driver info: org.openqa.selenium.remote.RemoteWebDriver
Command: [1f2bcfc0243307e648c08f5618b8ab69, sendKeysToElement {id=e4366792-9989-4903-81cd-27b67fd2e923, value=[Ljava.lang.CharSequence;@4bba2704}]
Capabilities {acceptInsecureCerts: false, browserName: chrome, browserVersion: 102.0.5005.115, chrome: {chromedriverVersion: 102.0.5005.61 (0e59bcc00cc4..., userDataDir: C:\Users\maxim\AppData\Loca...}, goog:chromeOptions: {debuggerAddress: localhost:61065}, networkConnectionEnabled: false, pageLoadStrategy: normal, platformName: WINDOWS, proxy: Proxy(), se:cdp: ws://192.168.8.104:4444/ses..., se:cdpVersion: 102.0.5005.115, setWindowRect: true, strictFileInteractability: false, timeouts: {implicit: 0, pageLoad: 300000, script: 30000}, unhandledPromptBehavior: dismiss and notify, webauthn:extension:credBlob: true, webauthn:extension:largeBlob: true, webauthn:virtualAuthenticators: true}
Element: [[RemoteWebDriver: chrome on WINDOWS (1f2bcfc0243307e648c08f5618b8ab69)] -&gt; id: fileUpload]
Session ID: 1f2bcfc0243307e648c08f5618b8ab69" type="org.openqa.selenium.InvalidArgumentException">org.openqa.selenium.InvalidArgumentException: invalid argument: File not found : D:java automationseleniumprojectsecommercesrcmainjavacomecommerceqa&amp;#12;ilescontactFormSendFile.txt
  (Session info: chrome=102.0.5005.115)
Build info: version: &apos;4.2.1&apos;, revision: &apos;ac4d0fdd4a&apos;
System info: host: &apos;DESKTOP-TQTAUTU&apos;, ip: &apos;192.168.8.104&apos;, os.name: &apos;Windows 10&apos;, os.arch: &apos;amd64&apos;, os.version: &apos;10.0&apos;, java.version: &apos;17.0.2&apos;
Driver info: org.openqa.selenium.remote.RemoteWebDriver
Command: [1f2bcfc0243307e648c08f5618b8ab69, sendKeysToElement {id=e4366792-9989-4903-81cd-27b67fd2e923, value=[Ljava.lang.CharSequence;@4bba2704}]
Capabilities {acceptInsecureCerts: false, browserName: chrome, browserVersion: 102.0.5005.115, chrome: {chromedriverVersion: 102.0.5005.61 (0e59bcc00cc4..., userDataDir: C:\Users\maxim\AppData\Loca...}, goog:chromeOptions: {debuggerAddress: localhost:61065}, networkConnectionEnabled: false, pageLoadStrategy: normal, platformName: WINDOWS, proxy: Proxy(), se:cdp: ws://192.168.8.104:4444/ses..., se:cdpVersion: 102.0.5005.115, setWindowRect: true, strictFileInteractability: false, timeouts: {implicit: 0, pageLoad: 300000, script: 30000}, unhandledPromptBehavior: dismiss and notify, webauthn:extension:credBlob: true, webauthn:extension:largeBlob: true, webauthn:virtualAuthenticators: true}
Element: [[RemoteWebDriver: chrome on WINDOWS (1f2bcfc0243307e648c08f5618b8ab69)] -&gt; id: fileUpload]
Session ID: 1f2bcfc0243307e648c08f5618b8ab69
	at java.base/jdk.internal.reflect.NativeConstructorAccessorImpl.newInstance0(Native Method)
	at java.base/jdk.internal.reflect.NativeConstructorAccessorImpl.newInstance(NativeConstructorAccessorImpl.java:77)
	at java.base/jdk.internal.reflect.DelegatingConstructorAccessorImpl.newInstance(DelegatingConstructorAccessorImpl.java:45)
	at java.base/java.lang.reflect.Constructor.newInstanceWithCaller(Constructor.java:499)
	at java.base/java.lang.reflect.Constructor.newInstance(Constructor.java:480)
	at org.openqa.selenium.remote.codec.w3c.W3CHttpResponseCodec.createException(W3CHttpResponseCodec.java:200)
	at org.openqa.selenium.remote.codec.w3c.W3CHttpResponseCodec.decode(W3CHttpResponseCodec.java:133)
	at org.openqa.selenium.remote.codec.w3c.W3CHttpResponseCodec.decode(W3CHttpResponseCodec.java:53)
	at org.openqa.selenium.remote.HttpCommandExecutor.execute(HttpCommandExecutor.java:184)
	at org.openqa.selenium.remote.TracedCommandExecutor.execute(TracedCommandExecutor.java:51)
	at org.openqa.selenium.remote.RemoteWebDriver.execute(RemoteWebDriver.java:551)
	at org.openqa.selenium.remote.RemoteWebElement.execute(RemoteWebElement.java:257)
	at org.openqa.selenium.remote.RemoteWebElement.sendKeys(RemoteWebElement.java:113)
	at java.base/jdk.internal.reflect.NativeMethodAccessorImpl.invoke0(Native Method)
	at java.base/jdk.internal.reflect.NativeMethodAccessorImpl.invoke(NativeMethodAccessorImpl.java:77)
	at java.base/jdk.internal.reflect.DelegatingMethodAccessorImpl.invoke(DelegatingMethodAccessorImpl.java:43)
	at java.base/java.lang.reflect.Method.invoke(Method.java:568)
	at org.openqa.selenium.support.pagefactory.internal.LocatingElementHandler.invoke(LocatingElementHandler.java:52)
	at jdk.proxy2/jdk.proxy2.$Proxy30.sendKeys(Unknown Source)
	at com.ecommerce.qa.pageobjects.ContactPage.sendMessage(ContactPage.java:65)
	at com.ecommerce.qa.tests.ContactPageTests.shouldFailToSubmitContactForm(ContactPageTests.java:37)
</failure>
    <system-err>Jun 18, 2022 12:55:11 PM org.openqa.selenium.remote.ProtocolHandshake createSession
INFO: Detected upstream dialect: W3C
</system-err>
  </testcase>
  <testcase classname="com.ecommerce.qa.tests.ContactPageTests" name="shouldFailToSubmitContactForm" time="5.507">
    <failure message="invalid argument: File not found : D:java automationseleniumprojectsecommercesrcmainjavacomecommerceqa&amp;#12;ilescontactFormSendFile.txt
  (Session info: chrome=102.0.5005.115)
Build info: version: &apos;4.2.1&apos;, revision: &apos;ac4d0fdd4a&apos;
System info: host: &apos;DESKTOP-TQTAUTU&apos;, ip: &apos;192.168.8.104&apos;, os.name: &apos;Windows 10&apos;, os.arch: &apos;amd64&apos;, os.version: &apos;10.0&apos;, java.version: &apos;17.0.2&apos;
Driver info: org.openqa.selenium.remote.RemoteWebDriver
Command: [ed45835c4694a71ddfba761d3a8afd81, sendKeysToElement {id=33e6ea03-d5e2-462e-8ab1-ab1c4705241b, value=[Ljava.lang.CharSequence;@1964ef9}]
Capabilities {acceptInsecureCerts: false, browserName: chrome, browserVersion: 102.0.5005.115, chrome: {chromedriverVersion: 102.0.5005.61 (0e59bcc00cc4..., userDataDir: C:\Users\maxim\AppData\Loca...}, goog:chromeOptions: {debuggerAddress: localhost:61095}, networkConnectionEnabled: false, pageLoadStrategy: normal, platformName: WINDOWS, proxy: Proxy(), se:cdp: ws://192.168.8.104:4444/ses..., se:cdpVersion: 102.0.5005.115, setWindowRect: true, strictFileInteractability: false, timeouts: {implicit: 0, pageLoad: 300000, script: 30000}, unhandledPromptBehavior: dismiss and notify, webauthn:extension:credBlob: true, webauthn:extension:largeBlob: true, webauthn:virtualAuthenticators: true}
Element: [[RemoteWebDriver: chrome on WINDOWS (ed45835c4694a71ddfba761d3a8afd81)] -&gt; id: fileUpload]
Session ID: ed45835c4694a71ddfba761d3a8afd81" type="org.openqa.selenium.InvalidArgumentException">org.openqa.selenium.InvalidArgumentException: invalid argument: File not found : D:java automationseleniumprojectsecommercesrcmainjavacomecommerceqa&amp;#12;ilescontactFormSendFile.txt
  (Session info: chrome=102.0.5005.115)
Build info: version: &apos;4.2.1&apos;, revision: &apos;ac4d0fdd4a&apos;
System info: host: &apos;DESKTOP-TQTAUTU&apos;, ip: &apos;192.168.8.104&apos;, os.name: &apos;Windows 10&apos;, os.arch: &apos;amd64&apos;, os.version: &apos;10.0&apos;, java.version: &apos;17.0.2&apos;
Driver info: org.openqa.selenium.remote.RemoteWebDriver
Command: [ed45835c4694a71ddfba761d3a8afd81, sendKeysToElement {id=33e6ea03-d5e2-462e-8ab1-ab1c4705241b, value=[Ljava.lang.CharSequence;@1964ef9}]
Capabilities {acceptInsecureCerts: false, browserName: chrome, browserVersion: 102.0.5005.115, chrome: {chromedriverVersion: 102.0.5005.61 (0e59bcc00cc4..., userDataDir: C:\Users\maxim\AppData\Loca...}, goog:chromeOptions: {debuggerAddress: localhost:61095}, networkConnectionEnabled: false, pageLoadStrategy: normal, platformName: WINDOWS, proxy: Proxy(), se:cdp: ws://192.168.8.104:4444/ses..., se:cdpVersion: 102.0.5005.115, setWindowRect: true, strictFileInteractability: false, timeouts: {implicit: 0, pageLoad: 300000, script: 30000}, unhandledPromptBehavior: dismiss and notify, webauthn:extension:credBlob: true, webauthn:extension:largeBlob: true, webauthn:virtualAuthenticators: true}
Element: [[RemoteWebDriver: chrome on WINDOWS (ed45835c4694a71ddfba761d3a8afd81)] -&gt; id: fileUpload]
Session ID: ed45835c4694a71ddfba761d3a8afd81
	at java.base/jdk.internal.reflect.NativeConstructorAccessorImpl.newInstance0(Native Method)
	at java.base/jdk.internal.reflect.NativeConstructorAccessorImpl.newInstance(NativeConstructorAccessorImpl.java:77)
	at java.base/jdk.internal.reflect.DelegatingConstructorAccessorImpl.newInstance(DelegatingConstructorAccessorImpl.java:45)
	at java.base/java.lang.reflect.Constructor.newInstanceWithCaller(Constructor.java:499)
	at java.base/java.lang.reflect.Constructor.newInstance(Constructor.java:480)
	at org.openqa.selenium.remote.codec.w3c.W3CHttpResponseCodec.createException(W3CHttpResponseCodec.java:200)
	at org.openqa.selenium.remote.codec.w3c.W3CHttpResponseCodec.decode(W3CHttpResponseCodec.java:133)
	at org.openqa.selenium.remote.codec.w3c.W3CHttpResponseCodec.decode(W3CHttpResponseCodec.java:53)
	at org.openqa.selenium.remote.HttpCommandExecutor.execute(HttpCommandExecutor.java:184)
	at org.openqa.selenium.remote.TracedCommandExecutor.execute(TracedCommandExecutor.java:51)
	at org.openqa.selenium.remote.RemoteWebDriver.execute(RemoteWebDriver.java:551)
	at org.openqa.selenium.remote.RemoteWebElement.execute(RemoteWebElement.java:257)
	at org.openqa.selenium.remote.RemoteWebElement.sendKeys(RemoteWebElement.java:113)
	at jdk.internal.reflect.GeneratedMethodAccessor31.invoke(Unknown Source)
	at java.base/jdk.internal.reflect.DelegatingMethodAccessorImpl.invoke(DelegatingMethodAccessorImpl.java:43)
	at java.base/java.lang.reflect.Method.invoke(Method.java:568)
	at org.openqa.selenium.support.pagefactory.internal.LocatingElementHandler.invoke(LocatingElementHandler.java:52)
	at jdk.proxy2/jdk.proxy2.$Proxy30.sendKeys(Unknown Source)
	at com.ecommerce.qa.pageobjects.ContactPage.sendMessage(ContactPage.java:65)
	at com.ecommerce.qa.tests.ContactPageTests.shouldFailToSubmitContactForm(ContactPageTests.java:37)
</failure>
    <system-err>Jun 18, 2022 12:55:18 PM org.openqa.selenium.remote.ProtocolHandshake createSession
INFO: Detected upstream dialect: W3C
</system-err>
  </testcase>
  <testcase classname="com.ecommerce.qa.tests.ContactPageTests" name="shouldSuccessfullySubmitContactUsForm" time="5.469">
    <failure message="invalid argument: File not found : D:java automationseleniumprojectsecommercesrcmainjavacomecommerceqa&amp;#12;ilescontactFormSendFile.txt
  (Session info: chrome=102.0.5005.115)
Build info: version: &apos;4.2.1&apos;, revision: &apos;ac4d0fdd4a&apos;
System info: host: &apos;DESKTOP-TQTAUTU&apos;, ip: &apos;192.168.8.104&apos;, os.name: &apos;Windows 10&apos;, os.arch: &apos;amd64&apos;, os.version: &apos;10.0&apos;, java.version: &apos;17.0.2&apos;
Driver info: org.openqa.selenium.remote.RemoteWebDriver
Command: [6b47e27d51fd44259349ac20e02084dd, sendKeysToElement {id=08462094-92df-4ff5-8a07-51dbc5ae5594, value=[Ljava.lang.CharSequence;@6af02de0}]
Capabilities {acceptInsecureCerts: false, browserName: chrome, browserVersion: 102.0.5005.115, chrome: {chromedriverVersion: 102.0.5005.61 (0e59bcc00cc4..., userDataDir: C:\Users\maxim\AppData\Loca...}, goog:chromeOptions: {debuggerAddress: localhost:61124}, networkConnectionEnabled: false, pageLoadStrategy: normal, platformName: WINDOWS, proxy: Proxy(), se:cdp: ws://192.168.8.104:4444/ses..., se:cdpVersion: 102.0.5005.115, setWindowRect: true, strictFileInteractability: false, timeouts: {implicit: 0, pageLoad: 300000, script: 30000}, unhandledPromptBehavior: dismiss and notify, webauthn:extension:credBlob: true, webauthn:extension:largeBlob: true, webauthn:virtualAuthenticators: true}
Element: [[RemoteWebDriver: chrome on WINDOWS (6b47e27d51fd44259349ac20e02084dd)] -&gt; id: fileUpload]
Session ID: 6b47e27d51fd44259349ac20e02084dd" type="org.openqa.selenium.InvalidArgumentException">org.openqa.selenium.InvalidArgumentException: invalid argument: File not found : D:java automationseleniumprojectsecommercesrcmainjavacomecommerceqa&amp;#12;ilescontactFormSendFile.txt
  (Session info: chrome=102.0.5005.115)
Build info: version: &apos;4.2.1&apos;, revision: &apos;ac4d0fdd4a&apos;
System info: host: &apos;DESKTOP-TQTAUTU&apos;, ip: &apos;192.168.8.104&apos;, os.name: &apos;Windows 10&apos;, os.arch: &apos;amd64&apos;, os.version: &apos;10.0&apos;, java.version: &apos;17.0.2&apos;
Driver info: org.openqa.selenium.remote.RemoteWebDriver
Command: [6b47e27d51fd44259349ac20e02084dd, sendKeysToElement {id=08462094-92df-4ff5-8a07-51dbc5ae5594, value=[Ljava.lang.CharSequence;@6af02de0}]
Capabilities {acceptInsecureCerts: false, browserName: chrome, browserVersion: 102.0.5005.115, chrome: {chromedriverVersion: 102.0.5005.61 (0e59bcc00cc4..., userDataDir: C:\Users\maxim\AppData\Loca...}, goog:chromeOptions: {debuggerAddress: localhost:61124}, networkConnectionEnabled: false, pageLoadStrategy: normal, platformName: WINDOWS, proxy: Proxy(), se:cdp: ws://192.168.8.104:4444/ses..., se:cdpVersion: 102.0.5005.115, setWindowRect: true, strictFileInteractability: false, timeouts: {implicit: 0, pageLoad: 300000, script: 30000}, unhandledPromptBehavior: dismiss and notify, webauthn:extension:credBlob: true, webauthn:extension:largeBlob: true, webauthn:virtualAuthenticators: true}
Element: [[RemoteWebDriver: chrome on WINDOWS (6b47e27d51fd44259349ac20e02084dd)] -&gt; id: fileUpload]
Session ID: 6b47e27d51fd44259349ac20e02084dd
	at java.base/jdk.internal.reflect.NativeConstructorAccessorImpl.newInstance0(Native Method)
	at java.base/jdk.internal.reflect.NativeConstructorAccessorImpl.newInstance(NativeConstructorAccessorImpl.java:77)
	at java.base/jdk.internal.reflect.DelegatingConstructorAccessorImpl.newInstance(DelegatingConstructorAccessorImpl.java:45)
	at java.base/java.lang.reflect.Constructor.newInstanceWithCaller(Constructor.java:499)
	at java.base/java.lang.reflect.Constructor.newInstance(Constructor.java:480)
	at org.openqa.selenium.remote.codec.w3c.W3CHttpResponseCodec.createException(W3CHttpResponseCodec.java:200)
	at org.openqa.selenium.remote.codec.w3c.W3CHttpResponseCodec.decode(W3CHttpResponseCodec.java:133)
	at org.openqa.selenium.remote.codec.w3c.W3CHttpResponseCodec.decode(W3CHttpResponseCodec.java:53)
	at org.openqa.selenium.remote.HttpCommandExecutor.execute(HttpCommandExecutor.java:184)
	at org.openqa.selenium.remote.TracedCommandExecutor.execute(TracedCommandExecutor.java:51)
	at org.openqa.selenium.remote.RemoteWebDriver.execute(RemoteWebDriver.java:551)
	at org.openqa.selenium.remote.RemoteWebElement.execute(RemoteWebElement.java:257)
	at org.openqa.selenium.remote.RemoteWebElement.sendKeys(RemoteWebElement.java:113)
	at jdk.internal.reflect.GeneratedMethodAccessor31.invoke(Unknown Source)
	at java.base/jdk.internal.reflect.DelegatingMethodAccessorImpl.invoke(DelegatingMethodAccessorImpl.java:43)
	at java.base/java.lang.reflect.Method.invoke(Method.java:568)
	at org.openqa.selenium.support.pagefactory.internal.LocatingElementHandler.invoke(LocatingElementHandler.java:52)
	at jdk.proxy2/jdk.proxy2.$Proxy30.sendKeys(Unknown Source)
	at com.ecommerce.qa.pageobjects.ContactPage.sendMessage(ContactPage.java:65)
	at com.ecommerce.qa.tests.ContactPageTests.shouldSuccessfullySubmitContactUsForm(ContactPageTests.java:27)
</failure>
    <system-err>Jun 18, 2022 12:55:25 PM org.openqa.selenium.remote.ProtocolHandshake createSession
INFO: Detected upstream dialect: W3C
</system-err>
  </testcase>
  <testcase classname="com.ecommerce.qa.tests.ContactPageTests" name="shouldSuccessfullySubmitContactUsForm" time="8.785">
    <failure message="invalid argument: File not found : D:java automationseleniumprojectsecommercesrcmainjavacomecommerceqa&amp;#12;ilescontactFormSendFile.txt
  (Session info: chrome=102.0.5005.115)
Build info: version: &apos;4.2.1&apos;, revision: &apos;ac4d0fdd4a&apos;
System info: host: &apos;DESKTOP-TQTAUTU&apos;, ip: &apos;192.168.8.104&apos;, os.name: &apos;Windows 10&apos;, os.arch: &apos;amd64&apos;, os.version: &apos;10.0&apos;, java.version: &apos;17.0.2&apos;
Driver info: org.openqa.selenium.remote.RemoteWebDriver
Command: [4acd7559f48355ad3e24cb1e43f65ddf, sendKeysToElement {id=f6ff55be-e3e6-498c-b057-df82b5159bb0, value=[Ljava.lang.CharSequence;@624268ab}]
Capabilities {acceptInsecureCerts: false, browserName: chrome, browserVersion: 102.0.5005.115, chrome: {chromedriverVersion: 102.0.5005.61 (0e59bcc00cc4..., userDataDir: C:\Users\maxim\AppData\Loca...}, goog:chromeOptions: {debuggerAddress: localhost:61153}, networkConnectionEnabled: false, pageLoadStrategy: normal, platformName: WINDOWS, proxy: Proxy(), se:cdp: ws://192.168.8.104:4444/ses..., se:cdpVersion: 102.0.5005.115, setWindowRect: true, strictFileInteractability: false, timeouts: {implicit: 0, pageLoad: 300000, script: 30000}, unhandledPromptBehavior: dismiss and notify, webauthn:extension:credBlob: true, webauthn:extension:largeBlob: true, webauthn:virtualAuthenticators: true}
Element: [[RemoteWebDriver: chrome on WINDOWS (4acd7559f48355ad3e24cb1e43f65ddf)] -&gt; id: fileUpload]
Session ID: 4acd7559f48355ad3e24cb1e43f65ddf" type="org.openqa.selenium.InvalidArgumentException">org.openqa.selenium.InvalidArgumentException: invalid argument: File not found : D:java automationseleniumprojectsecommercesrcmainjavacomecommerceqa&amp;#12;ilescontactFormSendFile.txt
  (Session info: chrome=102.0.5005.115)
Build info: version: &apos;4.2.1&apos;, revision: &apos;ac4d0fdd4a&apos;
System info: host: &apos;DESKTOP-TQTAUTU&apos;, ip: &apos;192.168.8.104&apos;, os.name: &apos;Windows 10&apos;, os.arch: &apos;amd64&apos;, os.version: &apos;10.0&apos;, java.version: &apos;17.0.2&apos;
Driver info: org.openqa.selenium.remote.RemoteWebDriver
Command: [4acd7559f48355ad3e24cb1e43f65ddf, sendKeysToElement {id=f6ff55be-e3e6-498c-b057-df82b5159bb0, value=[Ljava.lang.CharSequence;@624268ab}]
Capabilities {acceptInsecureCerts: false, browserName: chrome, browserVersion: 102.0.5005.115, chrome: {chromedriverVersion: 102.0.5005.61 (0e59bcc00cc4..., userDataDir: C:\Users\maxim\AppData\Loca...}, goog:chromeOptions: {debuggerAddress: localhost:61153}, networkConnectionEnabled: false, pageLoadStrategy: normal, platformName: WINDOWS, proxy: Proxy(), se:cdp: ws://192.168.8.104:4444/ses..., se:cdpVersion: 102.0.5005.115, setWindowRect: true, strictFileInteractability: false, timeouts: {implicit: 0, pageLoad: 300000, script: 30000}, unhandledPromptBehavior: dismiss and notify, webauthn:extension:credBlob: true, webauthn:extension:largeBlob: true, webauthn:virtualAuthenticators: true}
Element: [[RemoteWebDriver: chrome on WINDOWS (4acd7559f48355ad3e24cb1e43f65ddf)] -&gt; id: fileUpload]
Session ID: 4acd7559f48355ad3e24cb1e43f65ddf
	at java.base/jdk.internal.reflect.NativeConstructorAccessorImpl.newInstance0(Native Method)
	at java.base/jdk.internal.reflect.NativeConstructorAccessorImpl.newInstance(NativeConstructorAccessorImpl.java:77)
	at java.base/jdk.internal.reflect.DelegatingConstructorAccessorImpl.newInstance(DelegatingConstructorAccessorImpl.java:45)
	at java.base/java.lang.reflect.Constructor.newInstanceWithCaller(Constructor.java:499)
	at java.base/java.lang.reflect.Constructor.newInstance(Constructor.java:480)
	at org.openqa.selenium.remote.codec.w3c.W3CHttpResponseCodec.createException(W3CHttpResponseCodec.java:200)
	at org.openqa.selenium.remote.codec.w3c.W3CHttpResponseCodec.decode(W3CHttpResponseCodec.java:133)
	at org.openqa.selenium.remote.codec.w3c.W3CHttpResponseCodec.decode(W3CHttpResponseCodec.java:53)
	at org.openqa.selenium.remote.HttpCommandExecutor.execute(HttpCommandExecutor.java:184)
	at org.openqa.selenium.remote.TracedCommandExecutor.execute(TracedCommandExecutor.java:51)
	at org.openqa.selenium.remote.RemoteWebDriver.execute(RemoteWebDriver.java:551)
	at org.openqa.selenium.remote.RemoteWebElement.execute(RemoteWebElement.java:257)
	at org.openqa.selenium.remote.RemoteWebElement.sendKeys(RemoteWebElement.java:113)
	at jdk.internal.reflect.GeneratedMethodAccessor31.invoke(Unknown Source)
	at java.base/jdk.internal.reflect.DelegatingMethodAccessorImpl.invoke(DelegatingMethodAccessorImpl.java:43)
	at java.base/java.lang.reflect.Method.invoke(Method.java:568)
	at org.openqa.selenium.support.pagefactory.internal.LocatingElementHandler.invoke(LocatingElementHandler.java:52)
	at jdk.proxy2/jdk.proxy2.$Proxy30.sendKeys(Unknown Source)
	at com.ecommerce.qa.pageobjects.ContactPage.sendMessage(ContactPage.java:65)
	at com.ecommerce.qa.tests.ContactPageTests.shouldSuccessfullySubmitContactUsForm(ContactPageTests.java:27)
</failure>
    <system-err>Jun 18, 2022 12:55:32 PM org.openqa.selenium.remote.ProtocolHandshake createSession
INFO: Detected upstream dialect: W3C
</system-err>
  </testcase>
  <testcase classname="com.ecommerce.qa.tests.ForgetPasswordPageTests" name="goBackToLoginPage" time="11.339"/>
  <testcase classname="com.ecommerce.qa.tests.ForgetPasswordPageTests" name="goBackToLoginPageByBreadCrumbButton" time="11.37"/>
  <testcase classname="com.ecommerce.qa.tests.ForgetPasswordPageTests" name="submitForgotPasswordForm" time="8.837"/>
  <testcase classname="com.ecommerce.qa.tests.ForgetPasswordPageTests" name="submitForgotPasswordForm" time="10.12"/>
  <testcase classname="com.ecommerce.qa.tests.ForgetPasswordPageTests" name="submitForgotPasswordForm" time="11.649"/>
  <testcase classname="com.ecommerce.qa.tests.HomePageTests" name="shouldAddProductToCartFromHomePage" time="15.569"/>
  <testcase classname="com.ecommerce.qa.tests.HomePageTests" name="shouldDisplayAllTheContentInsideCategoryDropdownMenu" time="4.945"/>
  <testcase classname="com.ecommerce.qa.tests.HomePageTests" name="shouldDisplayAllTheContentInsideCategoryDropdownMenu" time="4.774"/>
  <testcase classname="com.ecommerce.qa.tests.HomePageTests" name="shouldDisplayHomeContentImages" time="4.68"/>
  <testcase classname="com.ecommerce.qa.tests.HomePageTests" name="shouldDisplayHomePageLogo" time="4.282"/>
  <testcase classname="com.ecommerce.qa.tests.HomePageTests" name="shouldDisplayProductReviewPopUpWindow" time="8.793"/>
  <testcase classname="com.ecommerce.qa.tests.HomePageTests" name="shouldRedirectToContactUsPage" time="8.432"/>
  <testcase classname="com.ecommerce.qa.tests.HomePageTests" name="shouldRedirectToProductPage" time="9.354"/>
  <testcase classname="com.ecommerce.qa.tests.HomePageTests" name="shouldReturnCorrectNewsletterAlertMessage" time="9.934"/>
  <testcase classname="com.ecommerce.qa.tests.HomePageTests" name="shouldReturnCorrectNewsletterAlertMessage" time="7.338"/>
  <testcase classname="com.ecommerce.qa.tests.HomePageTests" name="shouldReturnCorrectNewsletterAlertMessage" time="6.094"/>
</testsuite>