<?xml version="1.0" encoding="UTF-8"?>
<!-- Generated by org.testng.reporters.JUnitXMLReporter -->
<testsuite ignored="0" hostname="DESKTOP-TQTAUTU" failures="0" tests="6" name="CartPageTests" time="70.663" errors="0" timestamp="2022-06-18T12:53:46 CEST">
  <testcase classname="com.ecommerce.qa.tests.CartPageTests" name="shouldDecreaseProductQuantityInTheCart" time="10.525"/>
  <testcase classname="com.ecommerce.qa.tests.CartPageTests" name="shouldDeleteProductFromTheCart" time="10.902"/>
  <testcase classname="com.ecommerce.qa.tests.CartPageTests" name="shouldIncreaseProductQuantityInTheCart" time="9.148"/>
  <testcase classname="com.ecommerce.qa.tests.CartPageTests" name="shouldRedirectLoggedInUserToAddressPage" time="15.628"/>
  <testcase classname="com.ecommerce.qa.tests.CartPageTests" name="shouldRedirectNotLoggedInUserToLoginPage" time="9.209"/>
  <testcase classname="com.ecommerce.qa.tests.CartPageTests" name="shouldShowAlertForEmptyCart" time="4.997"/>
</testsuite> <!-- CartPageTests -->
