<?xml version="1.0" encoding="UTF-8"?>
<!-- Generated by org.testng.reporters.JUnitXMLReporter -->
<testsuite ignored="0" hostname="DESKTOP-TQTAUTU" failures="0" tests="5" name="ForgetPasswordPageTests" time="68.331" errors="0" timestamp="2022-06-18T12:56:49 CEST">
  <testcase classname="com.ecommerce.qa.tests.ForgetPasswordPageTests" name="goBackToLoginPage" time="11.337"/>
  <testcase classname="com.ecommerce.qa.tests.ForgetPasswordPageTests" name="goBackToLoginPageByBreadCrumbButton" time="11.37"/>
  <testcase classname="com.ecommerce.qa.tests.ForgetPasswordPageTests" name="submitForgotPasswordForm" time="8.838"/>
  <testcase classname="com.ecommerce.qa.tests.ForgetPasswordPageTests" name="submitForgotPasswordForm" time="10.123"/>
  <testcase classname="com.ecommerce.qa.tests.ForgetPasswordPageTests" name="submitForgotPasswordForm" time="11.652"/>
</testsuite> <!-- ForgetPasswordPageTests -->
