<?xml version="1.0" encoding="UTF-8"?>
<!-- Generated by org.testng.reporters.JUnitXMLReporter -->
<testsuite ignored="0" hostname="DESKTOP-TQTAUTU" failures="0" tests="11" name="HomePageTests" time="105.537" errors="0" timestamp="2022-06-18T12:58:35 CEST">
  <testcase classname="com.ecommerce.qa.tests.HomePageTests" name="shouldAddProductToCartFromHomePage" time="15.569"/>
  <testcase classname="com.ecommerce.qa.tests.HomePageTests" name="shouldDisplayAllTheContentInsideCategoryDropdownMenu" time="4.95"/>
  <testcase classname="com.ecommerce.qa.tests.HomePageTests" name="shouldDisplayAllTheContentInsideCategoryDropdownMenu" time="4.775"/>
  <testcase classname="com.ecommerce.qa.tests.HomePageTests" name="shouldDisplayHomeContentImages" time="4.683"/>
  <testcase classname="com.ecommerce.qa.tests.HomePageTests" name="shouldDisplayHomePageLogo" time="4.282"/>
  <testcase classname="com.ecommerce.qa.tests.HomePageTests" name="shouldDisplayProductReviewPopUpWindow" time="8.799"/>
  <testcase classname="com.ecommerce.qa.tests.HomePageTests" name="shouldRedirectToContactUsPage" time="8.436"/>
  <testcase classname="com.ecommerce.qa.tests.HomePageTests" name="shouldRedirectToProductPage" time="9.358"/>
  <testcase classname="com.ecommerce.qa.tests.HomePageTests" name="shouldReturnCorrectNewsletterAlertMessage" time="9.938"/>
  <testcase classname="com.ecommerce.qa.tests.HomePageTests" name="shouldReturnCorrectNewsletterAlertMessage" time="7.342"/>
  <testcase classname="com.ecommerce.qa.tests.HomePageTests" name="shouldReturnCorrectNewsletterAlertMessage" time="6.098"/>
</testsuite> <!-- HomePageTests -->
