<?xml version="1.0" encoding="UTF-8"?>
<!-- Generated by org.testng.reporters.JUnitXMLReporter -->
<testsuite ignored="0" hostname="DESKTOP-TQTAUTU" failures="0" tests="5" name="LoginPageTests" time="59.538" errors="0" timestamp="2022-06-18T12:54:46 CEST">
  <testcase classname="com.ecommerce.qa.tests.LoginPageTests" name="shouldFailLoggingIntoAccount" time="12.698"/>
  <testcase classname="com.ecommerce.qa.tests.LoginPageTests" name="shouldFailLoggingIntoAccount" time="8.536"/>
  <testcase classname="com.ecommerce.qa.tests.LoginPageTests" name="shouldFailLoggingIntoAccount" time="8.043"/>
  <testcase classname="com.ecommerce.qa.tests.LoginPageTests" name="shouldLoginIntoAccount" time="7.182"/>
  <testcase classname="com.ecommerce.qa.tests.LoginPageTests" name="shouldRedirectToForgotPasswordPage" time="6.827"/>
</testsuite> <!-- LoginPageTests -->
